# JRE version: 7.0_21-b12
# Java VM: Java HotSpot(TM) 64-Bit Server VM (23.21-b01 mixed mode bsd-amd64 compressed oops)
Heap
 def new generation   total 6016K, used 685K [0x00000007e7400000, 0x00000007e7a80000, 0x00000007edca0000)
  eden space 5376K,   6% used [0x00000007e7400000, 0x00000007e74578e0, 0x00000007e7940000)
  from space 640K,  52% used [0x00000007e79e0000, 0x00000007e7a33c48, 0x00000007e7a80000)
  to   space 640K,   0% used [0x00000007e7940000, 0x00000007e7940000, 0x00000007e79e0000)
 tenured generation   total 13376K, used 6293K [0x00000007edca0000, 0x00000007ee9b0000, 0x00000007fae00000)
   the space 13376K,  47% used [0x00000007edca0000, 0x00000007ee2c5700, 0x00000007ee2c5800, 0x00000007ee9b0000)
 compacting perm gen  total 21248K, used 14539K [0x00000007fae00000, 0x00000007fc2c0000, 0x0000000800000000)
   the space 21248K,  68% used [0x00000007fae00000, 0x00000007fbc32fb0, 0x00000007fbc33000, 0x00000007fc2c0000)
GC Heap History (10 events):
Event: 604.523 GC heap before
{Heap before GC invocations=0 (full 0):
 def new generation   total 6016K, used 5376K [0x00000007e7400000, 0x00000007e7a80000, 0x00000007edca0000)
  eden space 5376K, 100% used [0x00000007e7400000, 0x00000007e7940000, 0x00000007e7940000)
  from space 640K,   0% used [0x00000007e7940000, 0x00000007e7940000, 0x00000007e79e0000)
  to   space 640K,   0% used [0x00000007e79e0000, 0x00000007e79e0000, 0x00000007e7a80000)
 tenured generation   total 13376K, used 0K [0x00000007edca0000, 0x00000007ee9b0000, 0x00000007fae00000)
   the space 13376K,   0% used [0x00000007edca0000, 0x00000007edca0000, 0x00000007edca0200, 0x00000007ee9b0000)
 compacting perm gen  total 21248K, used 9168K [0x00000007fae00000, 0x00000007fc2c0000, 0x0000000800000000)
   the space 21248K,  43% used [0x00000007fae00000, 0x00000007fb6f4200, 0x00000007fb6f4200, 0x00000007fc2c0000)
No shared spaces configured.
Event: 604.532 GC heap after
Heap after GC invocations=1 (full 0):
 def new generation   total 6016K, used 640K [0x00000007e7400000, 0x00000007e7a80000, 0x00000007edca0000)
  eden space 5376K,   0% used [0x00000007e7400000, 0x00000007e7400000, 0x00000007e7940000)
  from space 640K, 100% used [0x00000007e79e0000, 0x00000007e7a80000, 0x00000007e7a80000)
  to   space 640K,   0% used [0x00000007e7940000, 0x00000007e7940000, 0x00000007e79e0000)
 tenured generation   total 13376K, used 758K [0x00000007edca0000, 0x00000007ee9b0000, 0x00000007fae00000)
   the space 13376K,   5% used [0x00000007edca0000, 0x00000007edd5db50, 0x00000007edd5dc00, 0x00000007ee9b0000)
 compacting perm gen  total 21248K, used 9168K [0x00000007fae00000, 0x00000007fc2c0000, 0x0000000800000000)
   the space 21248K,  43% used [0x00000007fae00000, 0x00000007fb6f4200, 0x00000007fb6f4200, 0x00000007fc2c0000)
No shared spaces configured.
}
Event: 605.688 GC heap before
{Heap before GC invocations=1 (full 0):
 def new generation   total 6016K, used 6016K [0x00000007e7400000, 0x00000007e7a80000, 0x00000007edca0000)
  eden space 5376K, 100% used [0x00000007e7400000, 0x00000007e7940000, 0x00000007e7940000)
  from space 640K, 100% used [0x00000007e79e0000, 0x00000007e7a80000, 0x00000007e7a80000)
  to   space 640K,   0% used [0x00000007e7940000, 0x00000007e7940000, 0x00000007e79e0000)
 tenured generation   total 13376K, used 758K [0x00000007edca0000, 0x00000007ee9b0000, 0x00000007fae00000)
   the space 13376K,   5% used [0x00000007edca0000, 0x00000007edd5db50, 0x00000007edd5dc00, 0x00000007ee9b0000)
 compacting perm gen  total 21248K, used 13918K [0x00000007fae00000, 0x00000007fc2c0000, 0x0000000800000000)
   the space 21248K,  65% used [0x00000007fae00000, 0x00000007fbb97ac0, 0x00000007fbb97c00, 0x00000007fc2c0000)
No shared spaces configured.
Event: 605.702 GC heap after
Heap after GC invocations=2 (full 0):
 def new generation   total 6016K, used 639K [0x00000007e7400000, 0x00000007e7a80000, 0x00000007edca0000)
  eden space 5376K,   0% used [0x00000007e7400000, 0x00000007e7400000, 0x00000007e7940000)
  from space 640K,  99% used [0x00000007e7940000, 0x00000007e79dfff8, 0x00000007e79e0000)
  to   space 640K,   0% used [0x00000007e79e0000, 0x00000007e79e0000, 0x00000007e7a80000)
 tenured generation   total 13376K, used 3855K [0x00000007edca0000, 0x00000007ee9b0000, 0x00000007fae00000)
   the space 13376K,  28% used [0x00000007edca0000, 0x00000007ee063d10, 0x00000007ee063e00, 0x00000007ee9b0000)
 compacting perm gen  total 21248K, used 13918K [0x00000007fae00000, 0x00000007fc2c0000, 0x0000000800000000)
   the space 21248K,  65% used [0x00000007fae00000, 0x00000007fbb97ac0, 0x00000007fbb97c00, 0x00000007fc2c0000)
No shared spaces configured.
}
Event: 611.169 GC heap before
{Heap before GC invocations=2 (full 0):
 def new generation   total 6016K, used 6015K [0x00000007e7400000, 0x00000007e7a80000, 0x00000007edca0000)
  eden space 5376K, 100% used [0x00000007e7400000, 0x00000007e7940000, 0x00000007e7940000)
  from space 640K,  99% used [0x00000007e7940000, 0x00000007e79dfff8, 0x00000007e79e0000)
  to   space 640K,   0% used [0x00000007e79e0000, 0x00000007e79e0000, 0x00000007e7a80000)
 tenured generation   total 13376K, used 3855K [0x00000007edca0000, 0x00000007ee9b0000, 0x00000007fae00000)
   the space 13376K,  28% used [0x00000007edca0000, 0x00000007ee063d10, 0x00000007ee063e00, 0x00000007ee9b0000)
 compacting perm gen  total 21248K, used 14279K [0x00000007fae00000, 0x00000007fc2c0000, 0x0000000800000000)
   the space 21248K,  67% used [0x00000007fae00000, 0x00000007fbbf1ef0, 0x00000007fbbf2000, 0x00000007fc2c0000)
No shared spaces configured.
Event: 611.177 GC heap after
Heap after GC invocations=3 (full 0):
 def new generation   total 6016K, used 640K [0x00000007e7400000, 0x00000007e7a80000, 0x00000007edca0000)
  eden space 5376K,   0% used [0x00000007e7400000, 0x00000007e7400000, 0x00000007e7940000)
  from space 640K, 100% used [0x00000007e79e0000, 0x00000007e7a80000, 0x00000007e7a80000)
  to   space 640K,   0% used [0x00000007e7940000, 0x00000007e7940000, 0x00000007e79e0000)
 tenured generation   total 13376K, used 4726K [0x00000007edca0000, 0x00000007ee9b0000, 0x00000007fae00000)
   the space 13376K,  35% used [0x00000007edca0000, 0x00000007ee13d818, 0x00000007ee13da00, 0x00000007ee9b0000)
 compacting perm gen  total 21248K, used 14279K [0x00000007fae00000, 0x00000007fc2c0000, 0x0000000800000000)
   the space 21248K,  67% used [0x00000007fae00000, 0x00000007fbbf1ef0, 0x00000007fbbf2000, 0x00000007fc2c0000)
No shared spaces configured.
}
Event: 620.360 GC heap before
{Heap before GC invocations=3 (full 0):
 def new generation   total 6016K, used 6016K [0x00000007e7400000, 0x00000007e7a80000, 0x00000007edca0000)
  eden space 5376K, 100% used [0x00000007e7400000, 0x00000007e7940000, 0x00000007e7940000)
  from space 640K, 100% used [0x00000007e79e0000, 0x00000007e7a80000, 0x00000007e7a80000)
  to   space 640K,   0% used [0x00000007e7940000, 0x00000007e7940000, 0x00000007e79e0000)
 tenured generation   total 13376K, used 4726K [0x00000007edca0000, 0x00000007ee9b0000, 0x00000007fae00000)
   the space 13376K,  35% used [0x00000007edca0000, 0x00000007ee13d818, 0x00000007ee13da00, 0x00000007ee9b0000)
 compacting perm gen  total 21248K, used 14466K [0x00000007fae00000, 0x00000007fc2c0000, 0x0000000800000000)
   the space 21248K,  68% used [0x00000007fae00000, 0x00000007fbc208c8, 0x00000007fbc20a00, 0x00000007fc2c0000)
No shared spaces configured.
Event: 620.364 GC heap after
Heap after GC invocations=4 (full 0):
 def new generation   total 6016K, used 497K [0x00000007e7400000, 0x00000007e7a80000, 0x00000007edca0000)
  eden space 5376K,   0% used [0x00000007e7400000, 0x00000007e7400000, 0x00000007e7940000)
  from space 640K,  77% used [0x00000007e7940000, 0x00000007e79bc5a0, 0x00000007e79e0000)
  to   space 640K,   0% used [0x00000007e79e0000, 0x00000007e79e0000, 0x00000007e7a80000)
 tenured generation   total 13376K, used 5803K [0x00000007edca0000, 0x00000007ee9b0000, 0x00000007fae00000)
   the space 13376K,  43% used [0x00000007edca0000, 0x00000007ee24ad68, 0x00000007ee24ae00, 0x00000007ee9b0000)
 compacting perm gen  total 21248K, used 14466K [0x00000007fae00000, 0x00000007fc2c0000, 0x0000000800000000)
   the space 21248K,  68% used [0x00000007fae00000, 0x00000007fbc208c8, 0x00000007fbc20a00, 0x00000007fc2c0000)
No shared spaces configured.
}
Event: 1149.746 GC heap before
{Heap before GC invocations=4 (full 0):
 def new generation   total 6016K, used 5873K [0x00000007e7400000, 0x00000007e7a80000, 0x00000007edca0000)
  eden space 5376K, 100% used [0x00000007e7400000, 0x00000007e7940000, 0x00000007e7940000)
  from space 640K,  77% used [0x00000007e7940000, 0x00000007e79bc5a0, 0x00000007e79e0000)
  to   space 640K,   0% used [0x00000007e79e0000, 0x00000007e79e0000, 0x00000007e7a80000)
 tenured generation   total 13376K, used 5803K [0x00000007edca0000, 0x00000007ee9b0000, 0x00000007fae00000)
   the space 13376K,  43% used [0x00000007edca0000, 0x00000007ee24ad68, 0x00000007ee24ae00, 0x00000007ee9b0000)
 compacting perm gen  total 21248K, used 14526K [0x00000007fae00000, 0x00000007fc2c0000, 0x0000000800000000)
   the space 21248K,  68% used [0x00000007fae00000, 0x00000007fbc2fbe8, 0x00000007fbc2fc00, 0x00000007fc2c0000)
No shared spaces configured.
Event: 1149.749 GC heap after
Heap after GC invocations=5 (full 0):
 def new generation   total 6016K, used 335K [0x00000007e7400000, 0x00000007e7a80000, 0x00000007edca0000)
  eden space 5376K,   0% used [0x00000007e7400000, 0x00000007e7400000, 0x00000007e7940000)
  from space 640K,  52% used [0x00000007e79e0000, 0x00000007e7a33c48, 0x00000007e7a80000)
  to   space 640K,   0% used [0x00000007e7940000, 0x00000007e7940000, 0x00000007e79e0000)
 tenured generation   total 13376K, used 6293K [0x00000007edca0000, 0x00000007ee9b0000, 0x00000007fae00000)
   the space 13376K,  47% used [0x00000007edca0000, 0x00000007ee2c5700, 0x00000007ee2c5800, 0x00000007ee9b0000)
 compacting perm gen  total 21248K, used 14526K [0x00000007fae00000, 0x00000007fc2c0000, 0x0000000800000000)
   the space 21248K,  68% used [0x00000007fae00000, 0x00000007fbc2fbe8, 0x00000007fbc2fc00, 0x00000007fc2c0000)
No shared spaces configured.
}

